Command line:
   score_tb_isim_beh.exe
     -simmode  gui
     -simrunnum  0
     -socket  55642

Thu Mar 24 14:48:54 2016


 Elaboration Time: 0.09375 sec

 Current Memory Usage: 839.733 Meg

 Total Signals          : 86
 Total Nets             : 61
 Total Signal Drivers   : 37
 Total Blocks           : 15
 Total Primitive Blocks : 13
 Total Processes        : 34
 Total Traceable Variables  : 11
 Total Scalar Nets and Variables : 440
Total Line Count : 84

 Total Simulation Time: 0.1875 sec

 Current Memory Usage: 525.16 Meg

Thu Mar 24 15:54:08 2016

