Determining if the pthread_create exist failed with the following output:
Change Dir: /home/samy/catkin_ws/build/CMakeFiles/CMakeTmp

Run Build Command:/usr/bin/make "cmTryCompileExec1542906834/fast"
/usr/bin/make -f CMakeFiles/cmTryCompileExec1542906834.dir/build.make CMakeFiles/cmTryCompileExec1542906834.dir/build
make[1]: entrant dans le répertoire « /home/samy/catkin_ws/build/CMakeFiles/CMakeTmp »
/usr/bin/cmake -E cmake_progress_report /home/samy/catkin_ws/build/CMakeFiles/CMakeTmp/CMakeFiles 1
Building C object CMakeFiles/cmTryCompileExec1542906834.dir/CheckSymbolExists.c.o
/usr/bin/cc    -o CMakeFiles/cmTryCompileExec1542906834.dir/CheckSymbolExists.c.o   -c /home/samy/catkin_ws/build/CMakeFiles/CMakeTmp/CheckSymbolExists.c
Linking C executable cmTryCompileExec1542906834
/usr/bin/cmake -E cmake_link_script CMakeFiles/cmTryCompileExec1542906834.dir/link.txt --verbose=1
/usr/bin/cc       CMakeFiles/cmTryCompileExec1542906834.dir/CheckSymbolExists.c.o  -o cmTryCompileExec1542906834 -rdynamic 
CMakeFiles/cmTryCompileExec1542906834.dir/CheckSymbolExists.c.o : Dans la fonction « main » :
CheckSymbolExists.c:(.text+0x16) : référence indéfinie vers « pthread_create »
collect2: error: ld returned 1 exit status
make[1]: quittant le répertoire « /home/samy/catkin_ws/build/CMakeFiles/CMakeTmp »
make[1]: *** [cmTryCompileExec1542906834] Erreur 1
make: *** [cmTryCompileExec1542906834/fast] Erreur 2

File /home/samy/catkin_ws/build/CMakeFiles/CMakeTmp/CheckSymbolExists.c:
/* */
#include <pthread.h>

int main(int argc, char** argv)
{
  (void)argv;
#ifndef pthread_create
  return ((int*)(&pthread_create))[argc];
#else
  (void)argc;
  return 0;
#endif
}

Determining if the function pthread_create exists in the pthreads failed with the following output:
Change Dir: /home/samy/catkin_ws/build/CMakeFiles/CMakeTmp

Run Build Command:/usr/bin/make "cmTryCompileExec1085428591/fast"
/usr/bin/make -f CMakeFiles/cmTryCompileExec1085428591.dir/build.make CMakeFiles/cmTryCompileExec1085428591.dir/build
make[1]: entrant dans le répertoire « /home/samy/catkin_ws/build/CMakeFiles/CMakeTmp »
/usr/bin/cmake -E cmake_progress_report /home/samy/catkin_ws/build/CMakeFiles/CMakeTmp/CMakeFiles 1
Building C object CMakeFiles/cmTryCompileExec1085428591.dir/CheckFunctionExists.c.o
/usr/bin/cc   -DCHECK_FUNCTION_EXISTS=pthread_create   -o CMakeFiles/cmTryCompileExec1085428591.dir/CheckFunctionExists.c.o   -c /usr/share/cmake-2.8/Modules/CheckFunctionExists.c
Linking C executable cmTryCompileExec1085428591
/usr/bin/cmake -E cmake_link_script CMakeFiles/cmTryCompileExec1085428591.dir/link.txt --verbose=1
/usr/bin/cc   -DCHECK_FUNCTION_EXISTS=pthread_create    CMakeFiles/cmTryCompileExec1085428591.dir/CheckFunctionExists.c.o  -o cmTryCompileExec1085428591 -rdynamic -lpthreads 
/usr/bin/ld : ne peut trouver -lpthreads
collect2: error: ld returned 1 exit status
make[1]: quittant le répertoire « /home/samy/catkin_ws/build/CMakeFiles/CMakeTmp »
make[1]: *** [cmTryCompileExec1085428591] Erreur 1
make: *** [cmTryCompileExec1085428591/fast] Erreur 2


