--------------------------------------------------------------------------------
Release 14.7 Trace  (nt64)
Copyright (c) 1995-2013 Xilinx, Inc.  All rights reserved.

C:\Xilinx\14.7\ISE_DS\ISE\bin\nt64\unwrapped\trce.exe -intstyle ise -v 3 -s 4
-n 3 -fastpaths -xml transcoder_7segs.twx transcoder_7segs.ncd -o
transcoder_7segs.twr transcoder_7segs.pcf

Design file:              transcoder_7segs.ncd
Physical constraint file: transcoder_7segs.pcf
Device,package,speed:     xc3s200,ft256,-4 (PRODUCTION 1.39 2013-10-13)
Report level:             verbose report

Environment Variable      Effect 
--------------------      ------ 
NONE                      No environment variables were set
--------------------------------------------------------------------------------

INFO:Timing:2698 - No timing constraints found, doing default enumeration.
INFO:Timing:3412 - To improve timing, see the Timing Closure User Guide (UG612).
INFO:Timing:2752 - To get complete path coverage, use the unconstrained paths 
   option. All paths that are not constrained will be reported in the 
   unconstrained paths section(s) of the report.
INFO:Timing:3339 - The clock-to-out numbers in this timing report are based on 
   a 50 Ohm transmission line loading model.  For the details of this model, 
   and for more information on accounting for different loading conditions, 
   please see the device datasheet.
INFO:Timing:3390 - This architecture does not support a default System Jitter 
   value, please add SYSTEM_JITTER constraint to the UCF to modify the Clock 
   Uncertainty calculation.
INFO:Timing:3389 - This architecture does not support 'Discrete Jitter' and 
   'Phase Error' calculations, these terms will be zero in the Clock 
   Uncertainty calculation.  Please make appropriate modification to 
   SYSTEM_JITTER to account for the unsupported Discrete Jitter and Phase 
   Error.



Data Sheet report:
-----------------
All values displayed in nanoseconds (ns)

Pad to Pad
---------------+---------------+---------+
Source Pad     |Destination Pad|  Delay  |
---------------+---------------+---------+
A<0>           |O<0>           |    8.156|
A<0>           |O<1>           |    8.262|
A<0>           |O<2>           |    7.996|
A<0>           |O<3>           |    7.583|
A<0>           |O<4>           |    8.182|
A<0>           |O<5>           |    8.045|
A<0>           |O<6>           |    8.284|
A<1>           |O<0>           |    7.991|
A<1>           |O<1>           |    8.012|
A<1>           |O<2>           |    8.059|
A<1>           |O<3>           |    7.766|
A<1>           |O<4>           |    7.672|
A<1>           |O<5>           |    7.550|
A<1>           |O<6>           |    8.214|
A<2>           |O<0>           |    7.999|
A<2>           |O<1>           |    8.090|
A<2>           |O<2>           |    8.264|
A<2>           |O<3>           |    7.772|
A<2>           |O<4>           |    7.619|
A<2>           |O<5>           |    7.567|
A<2>           |O<6>           |    8.034|
A<3>           |O<0>           |    8.213|
A<3>           |O<1>           |    8.228|
A<3>           |O<2>           |    7.938|
A<3>           |O<3>           |    7.567|
A<3>           |O<4>           |    8.170|
A<3>           |O<5>           |    8.124|
A<3>           |O<6>           |    8.248|
---------------+---------------+---------+


Analysis completed Thu Mar 24 16:23:10 2016 
--------------------------------------------------------------------------------

Trace Settings:
-------------------------
Trace Settings 

Peak Memory Usage: 140 MB



